{"level":"error","message":"POST /api/auth/register - El nombre es requerido","service":"todo-api","timestamp":"2025-04-30 21:32:55"}
{"level":"error","message":"POST /api/auth/register - El nombre es requerido","service":"todo-api","timestamp":"2025-04-30 21:33:25"}
{"level":"error","message":"POST /api/auth/register - El nombre es requerido","service":"todo-api","timestamp":"2025-04-30 21:33:29"}
{"level":"error","message":"POST /api/auth/register - User validation failed: nombre: Por favor, agrega un nombre","service":"todo-api","timestamp":"2025-04-30 21:33:46"}
{"level":"error","message":"POST /api/auth/register - El nombre es requerido","service":"todo-api","timestamp":"2025-04-30 21:33:53"}
{"level":"error","message":"POST /api/auth/register - El nombre es requerido","service":"todo-api","timestamp":"2025-04-30 21:34:37"}
{"level":"error","message":"POST /api/auth/register - El nombre es requerido","service":"todo-api","timestamp":"2025-04-30 21:34:57"}
{"level":"error","message":"POST /api/auth/login - Credenciales inválidas","service":"todo-api","timestamp":"2025-04-30 21:36:01"}
{"level":"error","message":"POST /api/auth/login - Credenciales inválidas","service":"todo-api","timestamp":"2025-04-30 21:36:05"}
{"level":"error","message":"GET /api/auth/me - No estás autenticado. Por favor, inicia sesión","service":"todo-api","timestamp":"2025-04-30 21:36:49"}
{"level":"error","message":"GET /api/tasks - No estás autenticado. Por favor, inicia sesión","service":"todo-api","timestamp":"2025-05-01 00:08:33"}
{"level":"error","message":"GET /api/tasks - No estás autenticado. Por favor, inicia sesión","service":"todo-api","timestamp":"2025-05-01 00:08:33"}
{"level":"error","message":"GET /api/tasks - No estás autenticado. Por favor, inicia sesión","service":"todo-api","timestamp":"2025-05-01 00:08:40"}
{"level":"error","message":"GET /api/tasks - No estás autenticado. Por favor, inicia sesión","service":"todo-api","timestamp":"2025-05-01 00:08:40"}
{"level":"error","message":"GET /api/tasks - No estás autenticado. Por favor, inicia sesión","service":"todo-api","timestamp":"2025-05-01 00:12:17"}
{"level":"error","message":"GET /api/tasks - No estás autenticado. Por favor, inicia sesión","service":"todo-api","timestamp":"2025-05-01 00:12:17"}
{"level":"error","message":"GET /api/tasks - No estás autenticado. Por favor, inicia sesión","service":"todo-api","timestamp":"2025-05-01 00:12:36"}
{"level":"error","message":"GET /api/tasks - No estás autenticado. Por favor, inicia sesión","service":"todo-api","timestamp":"2025-05-01 00:12:36"}
{"level":"error","message":"GET /api/tasks - No estás autenticado. Por favor, inicia sesión","service":"todo-api","timestamp":"2025-05-01 00:17:06"}
{"level":"error","message":"GET /api/tasks - No estás autenticado. Por favor, inicia sesión","service":"todo-api","timestamp":"2025-05-01 00:17:06"}
{"level":"error","message":"GET /api/tasks - No estás autenticado. Por favor, inicia sesión","service":"todo-api","timestamp":"2025-05-01 00:19:11"}
{"level":"error","message":"GET /api/tasks - No estás autenticado. Por favor, inicia sesión","service":"todo-api","timestamp":"2025-05-01 00:19:11"}
{"level":"error","message":"GET /api/tasks - No estás autenticado. Por favor, inicia sesión","service":"todo-api","timestamp":"2025-05-01 00:22:47"}
{"level":"error","message":"GET /api/tasks - No estás autenticado. Por favor, inicia sesión","service":"todo-api","timestamp":"2025-05-01 00:22:47"}
{"level":"error","message":"GET /api/tasks - No estás autenticado. Por favor, inicia sesión","service":"todo-api","timestamp":"2025-05-01 00:32:36"}
{"level":"error","message":"GET /api/tasks - No estás autenticado. Por favor, inicia sesión","service":"todo-api","timestamp":"2025-05-01 00:32:38"}
{"level":"error","message":"GET /api/tasks - No estás autenticado. Por favor, inicia sesión","service":"todo-api","timestamp":"2025-05-01 00:35:53"}
{"level":"error","message":"GET /api/tasks - No estás autenticado. Por favor, inicia sesión","service":"todo-api","timestamp":"2025-05-01 00:35:53"}
{"level":"error","message":"GET /api/tasks - No estás autenticado. Por favor, inicia sesión","service":"todo-api","timestamp":"2025-05-01 00:36:05"}
{"level":"error","message":"GET /api/tasks - No estás autenticado. Por favor, inicia sesión","service":"todo-api","timestamp":"2025-05-01 00:36:06"}
{"level":"error","message":"GET /api/tasks - No estás autenticado. Por favor, inicia sesión","service":"todo-api","timestamp":"2025-05-01 00:44:07"}
{"level":"error","message":"GET /api/tasks - No estás autenticado. Por favor, inicia sesión","service":"todo-api","timestamp":"2025-05-01 00:44:07"}
{"level":"error","message":"GET /api/tasks - No estás autenticado. Por favor, inicia sesión","service":"todo-api","timestamp":"2025-05-01 00:51:21"}
{"level":"error","message":"GET /api/tasks - No estás autenticado. Por favor, inicia sesión","service":"todo-api","timestamp":"2025-05-01 00:51:21"}
{"level":"error","message":"GET /api/tasks - No estás autenticado. Por favor, inicia sesión","service":"todo-api","timestamp":"2025-05-01 00:51:30"}
{"level":"error","message":"GET /api/tasks - No estás autenticado. Por favor, inicia sesión","service":"todo-api","timestamp":"2025-05-01 00:51:30"}
{"level":"error","message":"GET /api/tasks - No estás autenticado. Por favor, inicia sesión","service":"todo-api","timestamp":"2025-05-01 00:51:41"}
{"level":"error","message":"GET /api/tasks - No estás autenticado. Por favor, inicia sesión","service":"todo-api","timestamp":"2025-05-01 00:51:41"}
{"level":"error","message":"GET /api/tasks - No estás autenticado. Por favor, inicia sesión","service":"todo-api","timestamp":"2025-05-01 00:51:51"}
{"level":"error","message":"GET /api/tasks - No estás autenticado. Por favor, inicia sesión","service":"todo-api","timestamp":"2025-05-01 00:51:51"}
{"level":"error","message":"GET /api/tasks - No estás autenticado. Por favor, inicia sesión","service":"todo-api","timestamp":"2025-05-01 00:52:05"}
{"level":"error","message":"GET /api/tasks - No estás autenticado. Por favor, inicia sesión","service":"todo-api","timestamp":"2025-05-01 00:52:05"}
{"level":"error","message":"GET /api/tasks - No estás autenticado. Por favor, inicia sesión","service":"todo-api","timestamp":"2025-05-01 00:52:14"}
{"level":"error","message":"GET /api/tasks - No estás autenticado. Por favor, inicia sesión","service":"todo-api","timestamp":"2025-05-01 00:52:14"}
{"level":"error","message":"POST /api/auth/login - Credenciales inválidas","service":"todo-api","timestamp":"2025-05-01 00:52:29"}
{"level":"error","message":"GET /api/tasks - No estás autenticado. Por favor, inicia sesión","service":"todo-api","timestamp":"2025-05-01 00:52:38"}
{"level":"error","message":"GET /api/tasks - No estás autenticado. Por favor, inicia sesión","service":"todo-api","timestamp":"2025-05-01 00:52:38"}
{"level":"error","message":"PUT /api/tasks/undefined - Cast to ObjectId failed for value \"undefined\" (type string) at path \"_id\" for model \"Task\"","service":"todo-api","timestamp":"2025-05-01 01:59:18"}
{"level":"error","message":"PUT /api/tasks/undefined - Cast to ObjectId failed for value \"undefined\" (type string) at path \"_id\" for model \"Task\"","service":"todo-api","timestamp":"2025-05-01 01:59:50"}
{"level":"error","message":"PUT /api/tasks/undefined - Cast to ObjectId failed for value \"undefined\" (type string) at path \"_id\" for model \"Task\"","service":"todo-api","timestamp":"2025-05-01 01:59:51"}
